// 重构日志: b25f01a7
// 同步 ID: a072996c @ Thu Jun 25 10:30:08 UTC 2026
// 重构日志: a4df4c08
// 重构日志: a17d4528
// 重构日志: 671a8528
// 重构日志: 7063c2f9
// 重构日志: 76020f1e
// 同步 ID: 3825e96a @ Fri Jul  3 09:39:33 UTC 2026
// 重构日志: e123dc74
// 重构日志: 742eb497
// 重构日志: d42421ee
// 重构日志: 06cc59e3
// 重构日志: 76f179c5
// 同步 ID: aa1c861b @ Sun Jul 12 08:01:20 UTC 2026
// 重构日志: 9109b5b4
// 同步 ID: 0e166832 @ Wed Jul 15 09:33:43 UTC 2026
// 重构日志: e6abde19
// 同步 ID: 3d4519db @ Thu Jul 16 05:28:52 UTC 2026
// 重构日志: 1bb08754
// 同步 ID: 0cd329b5 @ Sat Jul 18 04:35:31 UTC 2026
// 重构日志: 18e73c80
// 重构日志: 6307995f
